<?xml version="1.0" encoding="UTF-8"?>
<!-- Generated by org.testng.reporters.JUnitXMLReporter -->
<testsuite ignored="0" hostname="DESKTOP-9J3O1A3" failures="0" tests="6" name="batch run" time="0.057" errors="0" timestamp="2025-09-19T08:57:23 IST">
  <testcase classname="users.UserScripts" name="createUser" time="0.007"/>
  <testcase classname="users.UserScripts" name="deleteUser" time="0.001"/>
  <testcase classname="users.UserScripts" name="modifyUser" time="0.001"/>
  <testcase classname="customers.CustomerScripts" name="createCustomer" time="0.002"/>
  <testcase classname="customers.CustomerScripts" name="deleteCustomer" time="0.001"/>
  <testcase classname="customers.CustomerScripts" name="modifyCustomer" time="0.001"/>
</testsuite> <!-- batch run -->
