<?xml version="1.0" encoding="UTF-8"?>
<!-- Generated by org.testng.reporters.JUnitXMLReporter -->
<testsuite ignored="0" hostname="DESKTOP-9J3O1A3" failures="0" tests="6" name="Dataprovider Demo" time="33.093" errors="0" timestamp="2025-09-22T00:57:10 IST">
  <testcase classname="scripting4.TestScript" name="TS_LoginLogoutDataProvider" time="9.643"/>
  <testcase classname="scripting4.TestScript" name="TS_LoginLogoutDataProvider" time="10.076"/>
  <testcase classname="scripting4.TestScript" name="TS_LoginLogoutDataProvider" time="8.455"/>
  <testcase classname="scripting4.TestScript" name="TS_LoginLogoutDataProvider" time="11.722"/>
  <testcase classname="scripting4.TestScript" name="TS_LoginLogoutDataProvider" time="8.787"/>
  <testcase classname="scripting4.TestScript" name="TS_LoginLogoutDataProvider" time="11.678"/>
</testsuite> <!-- Dataprovider Demo -->
