<?xml version="1.0" encoding="UTF-8"?>
<!-- Generated by org.testng.reporters.JUnitXMLReporter -->
<testsuite ignored="1" hostname="DESKTOP-9J3O1A3" failures="0" tests="5" name="Metod Level" time="0.051" errors="0" timestamp="2025-09-21T23:25:16 IST">
  <testcase classname="users.UserScripts" name="createUser" time="0.001"/>
  <testcase classname="users.UserScripts" name="modifyUser" time="0.001"/>
  <testcase classname="users.UserScripts" name="deleteUser" time="0.0"/>
  <testcase classname="customers.CustomerScripts" name="createCustomer" time="0.0"/>
  <testcase classname="customers.CustomerScripts" name="deleteCustomer" time="0.0"/>
  <testcase classname="customers.CustomerScripts" name="modifyCustomer" time="0.0">
    <ignored/>
  </testcase> <!-- modifyCustomer -->
</testsuite> <!-- Metod Level -->
