<?xml version="1.0" encoding="UTF-8"?>
<!-- Generated by org.testng.reporters.JUnitXMLReporter -->
<testsuite ignored="0" hostname="DESKTOP-9J3O1A3" failures="0" tests="3" name="parameter Demo" time="42.383" errors="0" timestamp="2025-09-22T00:31:45 IST">
  <testcase classname="scripting4.TestScript" name="TS_CreateAndDeleteUser" time="23.008"/>
  <testcase classname="scripting4.TestScript" name="TS_LoginLogout" time="11.071"/>
  <testcase classname="scripting4.TestScript" name="TS_LoginLogoutParameter" time="8.255"/>
</testsuite> <!-- parameter Demo -->
