<?xml version="1.0" encoding="UTF-8"?>
<testng-results ignored="0" total="6" passed="6" failed="0" skipped="0">
  <reporter-output>
  </reporter-output>
  <suite started-at="2025-09-22T00:56:37 IST" name="test suite" finished-at="2025-09-22T00:57:10 IST" duration-ms="33093">
    <groups>
    </groups>
    <test started-at="2025-09-22T00:56:37 IST" name="Dataprovider Demo" finished-at="2025-09-22T00:57:10 IST" duration-ms="33093">
      <class name="scripting4.TestScript">
        <test-method signature="TS_LoginLogoutDataProvider(java.lang.String, java.lang.String, java.lang.String, java.lang.String)[pri:0, instance:scripting4.TestScript@659a969b]" started-at="2025-09-22T00:56:37 IST" name="TS_LoginLogoutDataProvider" data-provider="testData" finished-at="2025-09-22T00:56:47 IST" duration-ms="9643" status="PASS">
          <params>
            <param index="0">
              <value>
                <![CDATA[Chrome]]>
              </value>
            </param>
            <param index="1">
              <value>
                <![CDATA[http://localhost/login.do]]>
              </value>
            </param>
            <param index="2">
              <value>
                <![CDATA[admin]]>
              </value>
            </param>
            <param index="3">
              <value>
                <![CDATA[manager]]>
              </value>
            </param>
          </params>
          <reporter-output>
          </reporter-output>
        </test-method> <!-- TS_LoginLogoutDataProvider -->
        <test-method signature="TS_LoginLogoutDataProvider(java.lang.String, java.lang.String, java.lang.String, java.lang.String)[pri:0, instance:scripting4.TestScript@659a969b]" started-at="2025-09-22T00:56:37 IST" name="TS_LoginLogoutDataProvider" data-provider="testData" finished-at="2025-09-22T00:56:47 IST" duration-ms="10076" status="PASS">
          <params>
            <param index="0">
              <value>
                <![CDATA[Edge]]>
              </value>
            </param>
            <param index="1">
              <value>
                <![CDATA[http://localhost/login.do]]>
              </value>
            </param>
            <param index="2">
              <value>
                <![CDATA[admin]]>
              </value>
            </param>
            <param index="3">
              <value>
                <![CDATA[manager]]>
              </value>
            </param>
          </params>
          <reporter-output>
          </reporter-output>
        </test-method> <!-- TS_LoginLogoutDataProvider -->
        <test-method signature="TS_LoginLogoutDataProvider(java.lang.String, java.lang.String, java.lang.String, java.lang.String)[pri:0, instance:scripting4.TestScript@659a969b]" started-at="2025-09-22T00:56:47 IST" name="TS_LoginLogoutDataProvider" data-provider="testData" finished-at="2025-09-22T00:56:58 IST" duration-ms="11722" status="PASS">
          <params>
            <param index="0">
              <value>
                <![CDATA[FireFox]]>
              </value>
            </param>
            <param index="1">
              <value>
                <![CDATA[http://localhost/login.do]]>
              </value>
            </param>
            <param index="2">
              <value>
                <![CDATA[admin]]>
              </value>
            </param>
            <param index="3">
              <value>
                <![CDATA[manager]]>
              </value>
            </param>
          </params>
          <reporter-output>
          </reporter-output>
        </test-method> <!-- TS_LoginLogoutDataProvider -->
        <test-method signature="TS_LoginLogoutDataProvider(java.lang.String, java.lang.String, java.lang.String, java.lang.String)[pri:0, instance:scripting4.TestScript@659a969b]" started-at="2025-09-22T00:56:47 IST" name="TS_LoginLogoutDataProvider" data-provider="testData" finished-at="2025-09-22T00:56:55 IST" duration-ms="8455" status="PASS">
          <params>
            <param index="0">
              <value>
                <![CDATA[Chrome]]>
              </value>
            </param>
            <param index="1">
              <value>
                <![CDATA[http://localhost/login.do]]>
              </value>
            </param>
            <param index="2">
              <value>
                <![CDATA[admin]]>
              </value>
            </param>
            <param index="3">
              <value>
                <![CDATA[manager]]>
              </value>
            </param>
          </params>
          <reporter-output>
          </reporter-output>
        </test-method> <!-- TS_LoginLogoutDataProvider -->
        <test-method signature="TS_LoginLogoutDataProvider(java.lang.String, java.lang.String, java.lang.String, java.lang.String)[pri:0, instance:scripting4.TestScript@659a969b]" started-at="2025-09-22T00:56:55 IST" name="TS_LoginLogoutDataProvider" data-provider="testData" finished-at="2025-09-22T00:57:04 IST" duration-ms="8787" status="PASS">
          <params>
            <param index="0">
              <value>
                <![CDATA[Edge]]>
              </value>
            </param>
            <param index="1">
              <value>
                <![CDATA[http://localhost/login.do]]>
              </value>
            </param>
            <param index="2">
              <value>
                <![CDATA[admin]]>
              </value>
            </param>
            <param index="3">
              <value>
                <![CDATA[manager]]>
              </value>
            </param>
          </params>
          <reporter-output>
          </reporter-output>
        </test-method> <!-- TS_LoginLogoutDataProvider -->
        <test-method signature="TS_LoginLogoutDataProvider(java.lang.String, java.lang.String, java.lang.String, java.lang.String)[pri:0, instance:scripting4.TestScript@659a969b]" started-at="2025-09-22T00:56:58 IST" name="TS_LoginLogoutDataProvider" data-provider="testData" finished-at="2025-09-22T00:57:10 IST" duration-ms="11678" status="PASS">
          <params>
            <param index="0">
              <value>
                <![CDATA[FireFox]]>
              </value>
            </param>
            <param index="1">
              <value>
                <![CDATA[http://localhost/login.do]]>
              </value>
            </param>
            <param index="2">
              <value>
                <![CDATA[admin]]>
              </value>
            </param>
            <param index="3">
              <value>
                <![CDATA[manager]]>
              </value>
            </param>
          </params>
          <reporter-output>
          </reporter-output>
        </test-method> <!-- TS_LoginLogoutDataProvider -->
      </class> <!-- scripting4.TestScript -->
    </test> <!-- Dataprovider Demo -->
  </suite> <!-- test suite -->
</testng-results>
