<?xml version="1.0" encoding="UTF-8"?>
<!-- Generated by org.testng.reporters.JUnitReportReporter -->
<testsuite hostname="DESKTOP-9J3O1A3" failures="0" tests="3" name="users.UserScripts" time="0.010" errors="0" timestamp="2025-09-21T23:28:19 IST" skipped="0">
  <testcase classname="users.UserScripts" name="deleteUser" time="0.003"/>
  <system-out/>
  <testcase classname="users.UserScripts" name="modifyUser" time="0.003"/>
  <system-out/>
  <testcase classname="users.UserScripts" name="createUser" time="0.004"/>
  <system-out/>
</testsuite> <!-- users.UserScripts -->
