<?xml version="1.0" encoding="UTF-8"?>
<!-- Generated by org.testng.reporters.JUnitReportReporter -->
<testsuite hostname="DESKTOP-9J3O1A3" failures="0" tests="3" name="customers.CustomerScripts" time="0.001" errors="0" timestamp="2025-09-21T23:28:19 IST" skipped="0">
  <testcase classname="customers.CustomerScripts" name="modifyCustomer" time="0.001"/>
  <system-out/>
  <testcase classname="customers.CustomerScripts" name="deleteCustomer" time="0.000"/>
  <system-out/>
  <testcase classname="customers.CustomerScripts" name="createCustomer" time="0.000"/>
  <system-out/>
</testsuite> <!-- customers.CustomerScripts -->
