<?xml version="1.0" encoding="UTF-8"?>
<!-- Generated by org.testng.reporters.JUnitReportReporter -->
<testsuite hostname="DESKTOP-9J3O1A3" failures="0" tests="6" name="scripting4.TestScript" time="60.361" errors="0" timestamp="2025-09-22T00:57:10 IST" skipped="0">
  <testcase classname="scripting4.TestScript" name="TS_LoginLogoutDataProvider" time="11.678"/>
  <system-out/>
  <testcase classname="scripting4.TestScript" name="TS_LoginLogoutDataProvider" time="8.787"/>
  <system-out/>
  <testcase classname="scripting4.TestScript" name="TS_LoginLogoutDataProvider" time="9.643"/>
  <system-out/>
  <testcase classname="scripting4.TestScript" name="TS_LoginLogoutDataProvider" time="8.455"/>
  <system-out/>
  <testcase classname="scripting4.TestScript" name="TS_LoginLogoutDataProvider" time="11.722"/>
  <system-out/>
  <testcase classname="scripting4.TestScript" name="TS_LoginLogoutDataProvider" time="10.076"/>
  <system-out/>
</testsuite> <!-- scripting4.TestScript -->
